# JRE version: OpenJDK Runtime Environment (21.0.7) (build 21.0.7+-13880790-b1038.58)
# Java VM: OpenJDK 64-Bit Server VM (21.0.7+-13880790-b1038.58, mixed mode, tiered, compressed oops, compressed class ptrs, g1 gc, windows-amd64)
GC Precious Log:
 CardTable entry size: 512
 Card Set container configuration: InlinePtr #cards 5 size 8 Array Of Cards #cards 12 size 40 Howl #buckets 4 coarsen threshold 1843 Howl Bitmap #cards 512 size 80 coarsen threshold 460 Card regions per heap region 1 cards per card region 2048
 CPUs: 4 total, 4 available
 Memory: 8191M
 Large Page Support: Disabled
 NUMA Support: Disabled
 Compressed Oops: Enabled (32-bit)
 Heap Region Size: 1M
 Heap Min Capacity: 8M
 Heap Initial Capacity: 128M
 Heap Max Capacity: 2G
 Pre-touch: Disabled
 Parallel Workers: 4
 Concurrent Workers: 1
 Concurrent Refinement Workers: 4
 Periodic GC: Disabled
Heap:
 garbage-first heap   total 125952K, used 108702K [0x0000000080000000, 0x0000000100000000)
  region size 1024K, 18 young (18432K), 2 survivors (2048K)
 Metaspace       used 60214K, committed 61824K, reserved 1114112K
  class space    used 8221K, committed 9024K, reserved 1048576K
GC Heap History (20 events):
Event: 18.638 GC heap before
{Heap before GC invocations=11 (full 0):
 garbage-first heap   total 72704K, used 62524K [0x0000000080000000, 0x0000000100000000)
  region size 1024K, 7 young (7168K), 3 survivors (3072K)
 Metaspace       used 36527K, committed 37376K, reserved 1114112K
  class space    used 5074K, committed 5504K, reserved 1048576K
}
Event: 18.643 GC heap after
{Heap after GC invocations=12 (full 0):
 garbage-first heap   total 72704K, used 59677K [0x0000000080000000, 0x0000000100000000)
  region size 1024K, 1 young (1024K), 1 survivors (1024K)
 Metaspace       used 36527K, committed 37376K, reserved 1114112K
  class space    used 5074K, committed 5504K, reserved 1048576K
}
Event: 19.089 GC heap before
{Heap before GC invocations=12 (full 0):
 garbage-first heap   total 72704K, used 65821K [0x0000000080000000, 0x0000000100000000)
  region size 1024K, 7 young (7168K), 1 survivors (1024K)
 Metaspace       used 37456K, committed 38336K, reserved 1114112K
  class space    used 5177K, committed 5632K, reserved 1048576K
}
Event: 19.091 GC heap after
{Heap after GC invocations=13 (full 0):
 garbage-first heap   total 88064K, used 59779K [0x0000000080000000, 0x0000000100000000)
  region size 1024K, 1 young (1024K), 1 survivors (1024K)
 Metaspace       used 37456K, committed 38336K, reserved 1114112K
  class space    used 5177K, committed 5632K, reserved 1048576K
}
Event: 20.001 GC heap before
{Heap before GC invocations=14 (full 0):
 garbage-first heap   total 101376K, used 75139K [0x0000000080000000, 0x0000000100000000)
  region size 1024K, 17 young (17408K), 1 survivors (1024K)
 Metaspace       used 39735K, committed 40640K, reserved 1114112K
  class space    used 5556K, committed 6016K, reserved 1048576K
}
Event: 20.005 GC heap after
{Heap after GC invocations=15 (full 0):
 garbage-first heap   total 101376K, used 60722K [0x0000000080000000, 0x0000000100000000)
  region size 1024K, 2 young (2048K), 2 survivors (2048K)
 Metaspace       used 39735K, committed 40640K, reserved 1114112K
  class space    used 5556K, committed 6016K, reserved 1048576K
}
Event: 21.924 GC heap before
{Heap before GC invocations=15 (full 0):
 garbage-first heap   total 101376K, used 85298K [0x0000000080000000, 0x0000000100000000)
  region size 1024K, 27 young (27648K), 2 survivors (2048K)
 Metaspace       used 45648K, committed 46656K, reserved 1114112K
  class space    used 6186K, committed 6656K, reserved 1048576K
}
Event: 21.935 GC heap after
{Heap after GC invocations=16 (full 0):
 garbage-first heap   total 101376K, used 63962K [0x0000000080000000, 0x0000000100000000)
  region size 1024K, 4 young (4096K), 4 survivors (4096K)
 Metaspace       used 45648K, committed 46656K, reserved 1114112K
  class space    used 6186K, committed 6656K, reserved 1048576K
}
Event: 22.488 GC heap before
{Heap before GC invocations=16 (full 0):
 garbage-first heap   total 101376K, used 87514K [0x0000000080000000, 0x0000000100000000)
  region size 1024K, 27 young (27648K), 4 survivors (4096K)
 Metaspace       used 46288K, committed 47296K, reserved 1114112K
  class space    used 6238K, committed 6720K, reserved 1048576K
}
Event: 22.496 GC heap after
{Heap after GC invocations=17 (full 0):
 garbage-first heap   total 101376K, used 65693K [0x0000000080000000, 0x0000000100000000)
  region size 1024K, 2 young (2048K), 2 survivors (2048K)
 Metaspace       used 46288K, committed 47296K, reserved 1114112K
  class space    used 6238K, committed 6720K, reserved 1048576K
}
Event: 23.540 GC heap before
{Heap before GC invocations=18 (full 0):
 garbage-first heap   total 111616K, used 93341K [0x0000000080000000, 0x0000000100000000)
  region size 1024K, 25 young (25600K), 2 survivors (2048K)
 Metaspace       used 49580K, committed 50688K, reserved 1114112K
  class space    used 6629K, committed 7168K, reserved 1048576K
}
Event: 23.547 GC heap after
{Heap after GC invocations=19 (full 0):
 garbage-first heap   total 111616K, used 67973K [0x0000000080000000, 0x0000000100000000)
  region size 1024K, 4 young (4096K), 4 survivors (4096K)
 Metaspace       used 49580K, committed 50688K, reserved 1114112K
  class space    used 6629K, committed 7168K, reserved 1048576K
}
Event: 24.610 GC heap before
{Heap before GC invocations=19 (full 0):
 garbage-first heap   total 111616K, used 97669K [0x0000000080000000, 0x0000000100000000)
  region size 1024K, 33 young (33792K), 4 survivors (4096K)
 Metaspace       used 52900K, committed 54272K, reserved 1114112K
  class space    used 7199K, committed 7872K, reserved 1048576K
}
Event: 24.625 GC heap after
{Heap after GC invocations=20 (full 0):
 garbage-first heap   total 111616K, used 69575K [0x0000000080000000, 0x0000000100000000)
  region size 1024K, 4 young (4096K), 4 survivors (4096K)
 Metaspace       used 52900K, committed 54272K, reserved 1114112K
  class space    used 7199K, committed 7872K, reserved 1048576K
}
Event: 25.682 GC heap before
{Heap before GC invocations=20 (full 0):
 garbage-first heap   total 111616K, used 99271K [0x0000000080000000, 0x0000000100000000)
  region size 1024K, 33 young (33792K), 4 survivors (4096K)
 Metaspace       used 56474K, committed 57984K, reserved 1114112K
  class space    used 7796K, committed 8512K, reserved 1048576K
}
Event: 25.696 GC heap after
{Heap after GC invocations=21 (full 0):
 garbage-first heap   total 111616K, used 70567K [0x0000000080000000, 0x0000000100000000)
  region size 1024K, 3 young (3072K), 3 survivors (3072K)
 Metaspace       used 56474K, committed 57984K, reserved 1114112K
  class space    used 7796K, committed 8512K, reserved 1048576K
}
Event: 27.689 GC heap before
{Heap before GC invocations=22 (full 0):
 garbage-first heap   total 119808K, used 115623K [0x0000000080000000, 0x0000000100000000)
  region size 1024K, 32 young (32768K), 3 survivors (3072K)
 Metaspace       used 57935K, committed 59584K, reserved 1114112K
  class space    used 8020K, committed 8832K, reserved 1048576K
}
Event: 27.703 GC heap after
{Heap after GC invocations=23 (full 0):
 garbage-first heap   total 125952K, used 92813K [0x0000000080000000, 0x0000000100000000)
  region size 1024K, 4 young (4096K), 4 survivors (4096K)
 Metaspace       used 57935K, committed 59584K, reserved 1114112K
  class space    used 8020K, committed 8832K, reserved 1048576K
}
Event: 28.267 GC heap before
{Heap before GC invocations=23 (full 0):
 garbage-first heap   total 125952K, used 115341K [0x0000000080000000, 0x0000000100000000)
  region size 1024K, 25 young (25600K), 4 survivors (4096K)
 Metaspace       used 60199K, committed 61824K, reserved 1114112K
  class space    used 8218K, committed 9024K, reserved 1048576K
}
Event: 28.275 GC heap after
{Heap after GC invocations=24 (full 0):
 garbage-first heap   total 125952K, used 93342K [0x0000000080000000, 0x0000000100000000)
  region size 1024K, 2 young (2048K), 2 survivors (2048K)
 Metaspace       used 60199K, committed 61824K, reserved 1114112K
  class space    used 8218K, committed 9024K, reserved 1048576K
}

