# JRE version: OpenJDK Runtime Environment (21.0.7) (build 21.0.7+-13880790-b1038.58)
# Java VM: OpenJDK 64-Bit Server VM (21.0.7+-13880790-b1038.58, mixed mode, tiered, compressed oops, compressed class ptrs, g1 gc, windows-amd64)
GC Precious Log:
 CardTable entry size: 512
 Card Set container configuration: InlinePtr #cards 5 size 8 Array Of Cards #cards 12 size 40 Howl #buckets 4 coarsen threshold 1843 Howl Bitmap #cards 512 size 80 coarsen threshold 460 Card regions per heap region 1 cards per card region 2048
 CPUs: 4 total, 4 available
 Memory: 8191M
 Large Page Support: Disabled
 NUMA Support: Disabled
 Compressed Oops: Enabled (32-bit)
 Heap Region Size: 1M
 Heap Min Capacity: 8M
 Heap Initial Capacity: 128M
 Heap Max Capacity: 2G
 Pre-touch: Disabled
 Parallel Workers: 4
 Concurrent Workers: 1
 Concurrent Refinement Workers: 4
 Periodic GC: Disabled
Heap:
 garbage-first heap   total 285696K, used 201728K [0x0000000080000000, 0x0000000100000000)
  region size 1024K, 34 young (34816K), 8 survivors (8192K)
 Metaspace       used 129408K, committed 131776K, reserved 1179648K
  class space    used 17181K, committed 18368K, reserved 1048576K
GC Heap History (20 events):
Event: 36.470 GC heap before
{Heap before GC invocations=31 (full 0):
 garbage-first heap   total 178176K, used 161202K [0x0000000080000000, 0x0000000100000000)
  region size 1024K, 58 young (59392K), 6 survivors (6144K)
 Metaspace       used 88481K, committed 90368K, reserved 1179648K
  class space    used 12526K, committed 13440K, reserved 1048576K
}
Event: 36.485 GC heap after
{Heap after GC invocations=32 (full 0):
 garbage-first heap   total 178176K, used 109543K [0x0000000080000000, 0x0000000100000000)
  region size 1024K, 6 young (6144K), 6 survivors (6144K)
 Metaspace       used 88481K, committed 90368K, reserved 1179648K
  class space    used 12526K, committed 13440K, reserved 1048576K
}
Event: 37.430 GC heap before
{Heap before GC invocations=33 (full 0):
 garbage-first heap   total 184320K, used 167911K [0x0000000080000000, 0x0000000100000000)
  region size 1024K, 57 young (58368K), 6 survivors (6144K)
 Metaspace       used 91545K, committed 93568K, reserved 1179648K
  class space    used 12884K, committed 13888K, reserved 1048576K
}
Event: 37.461 GC heap after
{Heap after GC invocations=34 (full 0):
 garbage-first heap   total 187392K, used 128284K [0x0000000080000000, 0x0000000100000000)
  region size 1024K, 8 young (8192K), 8 survivors (8192K)
 Metaspace       used 91545K, committed 93568K, reserved 1179648K
  class space    used 12884K, committed 13888K, reserved 1048576K
}
Event: 37.834 GC heap before
{Heap before GC invocations=34 (full 0):
 garbage-first heap   total 187392K, used 176412K [0x0000000080000000, 0x0000000100000000)
  region size 1024K, 47 young (48128K), 8 survivors (8192K)
 Metaspace       used 91561K, committed 93568K, reserved 1179648K
  class space    used 12886K, committed 13888K, reserved 1048576K
}
Event: 37.874 GC heap after
{Heap after GC invocations=35 (full 0):
 garbage-first heap   total 243712K, used 138570K [0x0000000080000000, 0x0000000100000000)
  region size 1024K, 6 young (6144K), 6 survivors (6144K)
 Metaspace       used 91561K, committed 93568K, reserved 1179648K
  class space    used 12886K, committed 13888K, reserved 1048576K
}
Event: 39.398 GC heap before
{Heap before GC invocations=35 (full 0):
 garbage-first heap   total 243712K, used 215370K [0x0000000080000000, 0x0000000100000000)
  region size 1024K, 72 young (73728K), 6 survivors (6144K)
 Metaspace       used 95876K, committed 97856K, reserved 1179648K
  class space    used 13380K, committed 14336K, reserved 1048576K
}
Event: 39.427 GC heap after
{Heap after GC invocations=36 (full 0):
 garbage-first heap   total 243712K, used 153088K [0x0000000080000000, 0x0000000100000000)
  region size 1024K, 10 young (10240K), 10 survivors (10240K)
 Metaspace       used 95876K, committed 97856K, reserved 1179648K
  class space    used 13380K, committed 14336K, reserved 1048576K
}
Event: 39.476 GC heap before
{Heap before GC invocations=36 (full 0):
 garbage-first heap   total 243712K, used 156160K [0x0000000080000000, 0x0000000100000000)
  region size 1024K, 13 young (13312K), 10 survivors (10240K)
 Metaspace       used 95879K, committed 97856K, reserved 1179648K
  class space    used 13380K, committed 14336K, reserved 1048576K
}
Event: 39.487 GC heap after
{Heap after GC invocations=37 (full 0):
 garbage-first heap   total 243712K, used 156017K [0x0000000080000000, 0x0000000100000000)
  region size 1024K, 2 young (2048K), 2 survivors (2048K)
 Metaspace       used 95879K, committed 97856K, reserved 1179648K
  class space    used 13380K, committed 14336K, reserved 1048576K
}
Event: 40.714 GC heap before
{Heap before GC invocations=38 (full 0):
 garbage-first heap   total 270336K, used 204145K [0x0000000080000000, 0x0000000100000000)
  region size 1024K, 44 young (45056K), 2 survivors (2048K)
 Metaspace       used 99938K, committed 101952K, reserved 1179648K
  class space    used 13778K, committed 14784K, reserved 1048576K
}
Event: 40.725 GC heap after
{Heap after GC invocations=39 (full 0):
 garbage-first heap   total 270336K, used 164341K [0x0000000080000000, 0x0000000100000000)
  region size 1024K, 6 young (6144K), 6 survivors (6144K)
 Metaspace       used 99938K, committed 101952K, reserved 1179648K
  class space    used 13778K, committed 14784K, reserved 1048576K
}
Event: 42.043 GC heap before
{Heap before GC invocations=39 (full 0):
 garbage-first heap   total 270336K, used 218613K [0x0000000080000000, 0x0000000100000000)
  region size 1024K, 59 young (60416K), 6 survivors (6144K)
 Metaspace       used 106849K, committed 109120K, reserved 1179648K
  class space    used 14637K, committed 15808K, reserved 1048576K
}
Event: 42.059 GC heap after
{Heap after GC invocations=40 (full 0):
 garbage-first heap   total 270336K, used 165806K [0x0000000080000000, 0x0000000100000000)
  region size 1024K, 8 young (8192K), 8 survivors (8192K)
 Metaspace       used 106849K, committed 109120K, reserved 1179648K
  class space    used 14637K, committed 15808K, reserved 1048576K
}
Event: 43.515 GC heap before
{Heap before GC invocations=40 (full 0):
 garbage-first heap   total 270336K, used 219054K [0x0000000080000000, 0x0000000100000000)
  region size 1024K, 61 young (62464K), 8 survivors (8192K)
 Metaspace       used 113815K, committed 116096K, reserved 1179648K
  class space    used 15502K, committed 16640K, reserved 1048576K
}
Event: 43.534 GC heap after
{Heap after GC invocations=41 (full 0):
 garbage-first heap   total 270336K, used 168706K [0x0000000080000000, 0x0000000100000000)
  region size 1024K, 7 young (7168K), 7 survivors (7168K)
 Metaspace       used 113815K, committed 116096K, reserved 1179648K
  class space    used 15502K, committed 16640K, reserved 1048576K
}
Event: 45.404 GC heap before
{Heap before GC invocations=42 (full 0):
 garbage-first heap   total 285696K, used 230146K [0x0000000080000000, 0x0000000100000000)
  region size 1024K, 66 young (67584K), 7 survivors (7168K)
 Metaspace       used 116249K, committed 118464K, reserved 1179648K
  class space    used 15776K, committed 16896K, reserved 1048576K
}
Event: 45.419 GC heap after
{Heap after GC invocations=43 (full 0):
 garbage-first heap   total 285696K, used 173002K [0x0000000080000000, 0x0000000100000000)
  region size 1024K, 7 young (7168K), 7 survivors (7168K)
 Metaspace       used 116249K, committed 118464K, reserved 1179648K
  class space    used 15776K, committed 16896K, reserved 1048576K
}
Event: 47.115 GC heap before
{Heap before GC invocations=43 (full 0):
 garbage-first heap   total 285696K, used 242634K [0x0000000080000000, 0x0000000100000000)
  region size 1024K, 76 young (77824K), 7 survivors (7168K)
 Metaspace       used 125040K, committed 127424K, reserved 1179648K
  class space    used 16805K, committed 17984K, reserved 1048576K
}
Event: 47.136 GC heap after
{Heap after GC invocations=44 (full 0):
 garbage-first heap   total 285696K, used 176128K [0x0000000080000000, 0x0000000100000000)
  region size 1024K, 8 young (8192K), 8 survivors (8192K)
 Metaspace       used 125040K, committed 127424K, reserved 1179648K
  class space    used 16805K, committed 17984K, reserved 1048576K
}

