# JRE version: OpenJDK Runtime Environment (21.0.7) (build 21.0.7+-13880790-b1038.58)
# Java VM: OpenJDK 64-Bit Server VM (21.0.7+-13880790-b1038.58, mixed mode, tiered, compressed oops, compressed class ptrs, g1 gc, windows-amd64)
GC Precious Log:
 CardTable entry size: 512
 Card Set container configuration: InlinePtr #cards 5 size 8 Array Of Cards #cards 12 size 40 Howl #buckets 4 coarsen threshold 1843 Howl Bitmap #cards 512 size 80 coarsen threshold 460 Card regions per heap region 1 cards per card region 2048
 CPUs: 4 total, 4 available
 Memory: 8191M
 Large Page Support: Disabled
 NUMA Support: Disabled
 Compressed Oops: Enabled (32-bit)
 Heap Region Size: 1M
 Heap Min Capacity: 8M
 Heap Initial Capacity: 128M
 Heap Max Capacity: 2G
 Pre-touch: Disabled
 Parallel Workers: 4
 Concurrent Workers: 1
 Concurrent Refinement Workers: 4
 Periodic GC: Disabled
Heap:
 garbage-first heap   total 471040K, used 263585K [0x0000000080000000, 0x0000000100000000)
  region size 1024K, 125 young (128000K), 30 survivors (30720K)
 Metaspace       used 155551K, committed 158016K, reserved 1245184K
  class space    used 21244K, committed 22464K, reserved 1048576K
GC Heap History (20 events):
Event: 66.267 GC heap before
{Heap before GC invocations=57 (full 0):
 garbage-first heap   total 282624K, used 258904K [0x0000000080000000, 0x0000000100000000)
  region size 1024K, 124 young (126976K), 6 survivors (6144K)
 Metaspace       used 124973K, committed 127296K, reserved 1179648K
  class space    used 17078K, committed 18240K, reserved 1048576K
}
Event: 66.277 GC heap after
{Heap after GC invocations=58 (full 0):
 garbage-first heap   total 282624K, used 138596K [0x0000000080000000, 0x0000000100000000)
  region size 1024K, 5 young (5120K), 5 survivors (5120K)
 Metaspace       used 124973K, committed 127296K, reserved 1179648K
  class space    used 17078K, committed 18240K, reserved 1048576K
}
Event: 66.699 GC heap before
{Heap before GC invocations=58 (full 0):
 garbage-first heap   total 282624K, used 260452K [0x0000000080000000, 0x0000000100000000)
  region size 1024K, 125 young (128000K), 5 survivors (5120K)
 Metaspace       used 125012K, committed 127360K, reserved 1179648K
  class space    used 17078K, committed 18240K, reserved 1048576K
}
Event: 66.714 GC heap after
{Heap after GC invocations=59 (full 0):
 garbage-first heap   total 496640K, used 137391K [0x0000000080000000, 0x0000000100000000)
  region size 1024K, 5 young (5120K), 5 survivors (5120K)
 Metaspace       used 125012K, committed 127360K, reserved 1179648K
  class space    used 17078K, committed 18240K, reserved 1048576K
}
Event: 67.385 GC heap before
{Heap before GC invocations=59 (full 0):
 garbage-first heap   total 496640K, used 316591K [0x0000000080000000, 0x0000000100000000)
  region size 1024K, 182 young (186368K), 5 survivors (5120K)
 Metaspace       used 125030K, committed 127360K, reserved 1179648K
  class space    used 17078K, committed 18240K, reserved 1048576K
}
Event: 67.401 GC heap after
{Heap after GC invocations=60 (full 0):
 garbage-first heap   total 496640K, used 138175K [0x0000000080000000, 0x0000000100000000)
  region size 1024K, 6 young (6144K), 6 survivors (6144K)
 Metaspace       used 125030K, committed 127360K, reserved 1179648K
  class space    used 17078K, committed 18240K, reserved 1048576K
}
Event: 73.873 GC heap before
{Heap before GC invocations=61 (full 0):
 garbage-first heap   total 471040K, used 415679K [0x0000000080000000, 0x0000000100000000)
  region size 1024K, 276 young (282624K), 6 survivors (6144K)
 Metaspace       used 132432K, committed 134720K, reserved 1179648K
  class space    used 18008K, committed 19136K, reserved 1048576K
}
Event: 73.894 GC heap after
{Heap after GC invocations=62 (full 0):
 garbage-first heap   total 471040K, used 141313K [0x0000000080000000, 0x0000000100000000)
  region size 1024K, 9 young (9216K), 9 survivors (9216K)
 Metaspace       used 132432K, committed 134720K, reserved 1179648K
  class space    used 18008K, committed 19136K, reserved 1048576K
}
Event: 74.989 GC heap before
{Heap before GC invocations=62 (full 0):
 garbage-first heap   total 471040K, used 413697K [0x0000000080000000, 0x0000000100000000)
  region size 1024K, 276 young (282624K), 9 survivors (9216K)
 Metaspace       used 132474K, committed 134784K, reserved 1179648K
  class space    used 18008K, committed 19136K, reserved 1048576K
}
Event: 75.013 GC heap after
{Heap after GC invocations=63 (full 0):
 garbage-first heap   total 471040K, used 141368K [0x0000000080000000, 0x0000000100000000)
  region size 1024K, 10 young (10240K), 10 survivors (10240K)
 Metaspace       used 132474K, committed 134784K, reserved 1179648K
  class space    used 18008K, committed 19136K, reserved 1048576K
}
Event: 76.248 GC heap before
{Heap before GC invocations=63 (full 0):
 garbage-first heap   total 471040K, used 412728K [0x0000000080000000, 0x0000000100000000)
  region size 1024K, 276 young (282624K), 10 survivors (10240K)
 Metaspace       used 132515K, committed 134784K, reserved 1179648K
  class space    used 18009K, committed 19136K, reserved 1048576K
}
Event: 76.263 GC heap after
{Heap after GC invocations=64 (full 0):
 garbage-first heap   total 471040K, used 140817K [0x0000000080000000, 0x0000000100000000)
  region size 1024K, 9 young (9216K), 9 survivors (9216K)
 Metaspace       used 132515K, committed 134784K, reserved 1179648K
  class space    used 18009K, committed 19136K, reserved 1048576K
}
Event: 77.314 GC heap before
{Heap before GC invocations=65 (full 0):
 garbage-first heap   total 471040K, used 418321K [0x0000000080000000, 0x0000000100000000)
  region size 1024K, 276 young (282624K), 9 survivors (9216K)
 Metaspace       used 132525K, committed 134848K, reserved 1179648K
  class space    used 18009K, committed 19136K, reserved 1048576K
}
Event: 77.330 GC heap after
{Heap after GC invocations=66 (full 0):
 garbage-first heap   total 471040K, used 142971K [0x0000000080000000, 0x0000000100000000)
  region size 1024K, 8 young (8192K), 8 survivors (8192K)
 Metaspace       used 132525K, committed 134848K, reserved 1179648K
  class space    used 18009K, committed 19136K, reserved 1048576K
}
Event: 79.234 GC heap before
{Heap before GC invocations=66 (full 0):
 garbage-first heap   total 471040K, used 417403K [0x0000000080000000, 0x0000000100000000)
  region size 1024K, 276 young (282624K), 8 survivors (8192K)
 Metaspace       used 134515K, committed 136896K, reserved 1179648K
  class space    used 18227K, committed 19392K, reserved 1048576K
}
Event: 79.252 GC heap after
{Heap after GC invocations=67 (full 0):
 garbage-first heap   total 471040K, used 142153K [0x0000000080000000, 0x0000000100000000)
  region size 1024K, 10 young (10240K), 10 survivors (10240K)
 Metaspace       used 134515K, committed 136896K, reserved 1179648K
  class space    used 18227K, committed 19392K, reserved 1048576K
}
Event: 86.691 GC heap before
{Heap before GC invocations=67 (full 0):
 garbage-first heap   total 471040K, used 413513K [0x0000000080000000, 0x0000000100000000)
  region size 1024K, 276 young (282624K), 10 survivors (10240K)
 Metaspace       used 153669K, committed 156096K, reserved 1245184K
  class space    used 21099K, committed 22272K, reserved 1048576K
}
Event: 86.806 GC heap after
{Heap after GC invocations=68 (full 0):
 garbage-first heap   total 471040K, used 155969K [0x0000000080000000, 0x0000000100000000)
  region size 1024K, 23 young (23552K), 23 survivors (23552K)
 Metaspace       used 153669K, committed 156096K, reserved 1245184K
  class space    used 21099K, committed 22272K, reserved 1048576K
}
Event: 105.937 GC heap before
{Heap before GC invocations=69 (full 0):
 garbage-first heap   total 471040K, used 414017K [0x0000000080000000, 0x0000000100000000)
  region size 1024K, 276 young (282624K), 23 survivors (23552K)
 Metaspace       used 155441K, committed 157888K, reserved 1245184K
  class space    used 21240K, committed 22464K, reserved 1048576K
}
Event: 106.059 GC heap after
{Heap after GC invocations=70 (full 0):
 garbage-first heap   total 471040K, used 167329K [0x0000000080000000, 0x0000000100000000)
  region size 1024K, 30 young (30720K), 30 survivors (30720K)
 Metaspace       used 155441K, committed 157888K, reserved 1245184K
  class space    used 21240K, committed 22464K, reserved 1048576K
}

