# JRE version: OpenJDK Runtime Environment (21.0.7) (build 21.0.7+-13880790-b1038.58)
# Java VM: OpenJDK 64-Bit Server VM (21.0.7+-13880790-b1038.58, mixed mode, tiered, compressed oops, compressed class ptrs, g1 gc, windows-amd64)
GC Precious Log:
 CardTable entry size: 512
 Card Set container configuration: InlinePtr #cards 5 size 8 Array Of Cards #cards 12 size 40 Howl #buckets 4 coarsen threshold 1843 Howl Bitmap #cards 512 size 80 coarsen threshold 460 Card regions per heap region 1 cards per card region 2048
 CPUs: 4 total, 4 available
 Memory: 8191M
 Large Page Support: Disabled
 NUMA Support: Disabled
 Compressed Oops: Enabled (32-bit)
 Heap Region Size: 1M
 Heap Min Capacity: 8M
 Heap Initial Capacity: 128M
 Heap Max Capacity: 2G
 Pre-touch: Disabled
 Parallel Workers: 4
 Concurrent Workers: 1
 Concurrent Refinement Workers: 4
 Periodic GC: Disabled
Heap:
 garbage-first heap   total 150528K, used 93834K [0x0000000080000000, 0x0000000100000000)
  region size 1024K, 25 young (25600K), 4 survivors (4096K)
 Metaspace       used 57395K, committed 58944K, reserved 1114112K
  class space    used 7973K, committed 8768K, reserved 1048576K
GC Heap History (20 events):
Event: 9.895 GC heap before
{Heap before GC invocations=6 (full 0):
 garbage-first heap   total 71680K, used 57514K [0x0000000080000000, 0x0000000100000000)
  region size 1024K, 40 young (40960K), 4 survivors (4096K)
 Metaspace       used 32645K, committed 33344K, reserved 1114112K
  class space    used 4393K, committed 4736K, reserved 1048576K
}
Event: 9.907 GC heap after
{Heap after GC invocations=7 (full 0):
 garbage-first heap   total 71680K, used 24359K [0x0000000080000000, 0x0000000100000000)
  region size 1024K, 5 young (5120K), 5 survivors (5120K)
 Metaspace       used 32645K, committed 33344K, reserved 1114112K
  class space    used 4393K, committed 4736K, reserved 1048576K
}
Event: 10.453 GC heap before
{Heap before GC invocations=7 (full 0):
 garbage-first heap   total 71680K, used 40743K [0x0000000080000000, 0x0000000100000000)
  region size 1024K, 22 young (22528K), 5 survivors (5120K)
 Metaspace       used 35115K, committed 35968K, reserved 1114112K
  class space    used 4833K, committed 5248K, reserved 1048576K
}
Event: 10.464 GC heap after
{Heap after GC invocations=8 (full 0):
 garbage-first heap   total 71680K, used 25664K [0x0000000080000000, 0x0000000100000000)
  region size 1024K, 2 young (2048K), 2 survivors (2048K)
 Metaspace       used 35115K, committed 35968K, reserved 1114112K
  class space    used 4833K, committed 5248K, reserved 1048576K
}
Event: 11.172 GC heap before
{Heap before GC invocations=9 (full 0):
 garbage-first heap   total 71680K, used 69696K [0x0000000080000000, 0x0000000100000000)
  region size 1024K, 18 young (18432K), 2 survivors (2048K)
 Metaspace       used 36384K, committed 37312K, reserved 1114112K
  class space    used 5050K, committed 5504K, reserved 1048576K
}
Event: 11.181 GC heap after
{Heap after GC invocations=10 (full 0):
 garbage-first heap   total 79872K, used 60605K [0x0000000080000000, 0x0000000100000000)
  region size 1024K, 5 young (5120K), 5 survivors (5120K)
 Metaspace       used 36384K, committed 37312K, reserved 1114112K
  class space    used 5050K, committed 5504K, reserved 1048576K
}
Event: 11.427 GC heap before
{Heap before GC invocations=10 (full 0):
 garbage-first heap   total 79872K, used 68797K [0x0000000080000000, 0x0000000100000000)
  region size 1024K, 13 young (13312K), 5 survivors (5120K)
 Metaspace       used 37543K, committed 38464K, reserved 1114112K
  class space    used 5189K, committed 5632K, reserved 1048576K
}
Event: 11.434 GC heap after
{Heap after GC invocations=11 (full 0):
 garbage-first heap   total 79872K, used 60097K [0x0000000080000000, 0x0000000100000000)
  region size 1024K, 1 young (1024K), 1 survivors (1024K)
 Metaspace       used 37543K, committed 38464K, reserved 1114112K
  class space    used 5189K, committed 5632K, reserved 1048576K
}
Event: 11.821 GC heap before
{Heap before GC invocations=11 (full 0):
 garbage-first heap   total 79872K, used 72385K [0x0000000080000000, 0x0000000100000000)
  region size 1024K, 13 young (13312K), 1 survivors (1024K)
 Metaspace       used 39192K, committed 40128K, reserved 1114112K
  class space    used 5463K, committed 5888K, reserved 1048576K
}
Event: 11.828 GC heap after
{Heap after GC invocations=12 (full 0):
 garbage-first heap   total 79872K, used 60549K [0x0000000080000000, 0x0000000100000000)
  region size 1024K, 1 young (1024K), 1 survivors (1024K)
 Metaspace       used 39192K, committed 40128K, reserved 1114112K
  class space    used 5463K, committed 5888K, reserved 1048576K
}
Event: 12.956 GC heap before
{Heap before GC invocations=13 (full 0):
 garbage-first heap   total 102400K, used 72837K [0x0000000080000000, 0x0000000100000000)
  region size 1024K, 13 young (13312K), 1 survivors (1024K)
 Metaspace       used 40980K, committed 41920K, reserved 1114112K
  class space    used 5740K, committed 6144K, reserved 1048576K
}
Event: 12.964 GC heap after
{Heap after GC invocations=14 (full 0):
 garbage-first heap   total 102400K, used 61736K [0x0000000080000000, 0x0000000100000000)
  region size 1024K, 2 young (2048K), 2 survivors (2048K)
 Metaspace       used 40980K, committed 41920K, reserved 1114112K
  class space    used 5740K, committed 6144K, reserved 1048576K
}
Event: 13.781 GC heap before
{Heap before GC invocations=14 (full 0):
 garbage-first heap   total 102400K, used 90408K [0x0000000080000000, 0x0000000100000000)
  region size 1024K, 31 young (31744K), 2 survivors (2048K)
 Metaspace       used 46119K, committed 47104K, reserved 1114112K
  class space    used 6229K, committed 6720K, reserved 1048576K
}
Event: 13.791 GC heap after
{Heap after GC invocations=15 (full 0):
 garbage-first heap   total 102400K, used 64984K [0x0000000080000000, 0x0000000100000000)
  region size 1024K, 4 young (4096K), 4 survivors (4096K)
 Metaspace       used 46119K, committed 47104K, reserved 1114112K
  class space    used 6229K, committed 6720K, reserved 1048576K
}
Event: 14.190 GC heap before
{Heap before GC invocations=15 (full 0):
 garbage-first heap   total 102400K, used 84440K [0x0000000080000000, 0x0000000100000000)
  region size 1024K, 24 young (24576K), 4 survivors (4096K)
 Metaspace       used 47174K, committed 48192K, reserved 1114112K
  class space    used 6379K, committed 6912K, reserved 1048576K
}
Event: 14.200 GC heap after
{Heap after GC invocations=16 (full 0):
 garbage-first heap   total 102400K, used 68674K [0x0000000080000000, 0x0000000100000000)
  region size 1024K, 4 young (4096K), 4 survivors (4096K)
 Metaspace       used 47174K, committed 48192K, reserved 1114112K
  class space    used 6379K, committed 6912K, reserved 1048576K
}
Event: 14.997 GC heap before
{Heap before GC invocations=17 (full 0):
 garbage-first heap   total 124928K, used 94274K [0x0000000080000000, 0x0000000100000000)
  region size 1024K, 25 young (25600K), 4 survivors (4096K)
 Metaspace       used 50276K, committed 51392K, reserved 1114112K
  class space    used 6756K, committed 7296K, reserved 1048576K
}
Event: 15.008 GC heap after
{Heap after GC invocations=18 (full 0):
 garbage-first heap   total 124928K, used 69322K [0x0000000080000000, 0x0000000100000000)
  region size 1024K, 2 young (2048K), 2 survivors (2048K)
 Metaspace       used 50276K, committed 51392K, reserved 1114112K
  class space    used 6756K, committed 7296K, reserved 1048576K
}
Event: 16.362 GC heap before
{Heap before GC invocations=18 (full 0):
 garbage-first heap   total 124928K, used 112330K [0x0000000080000000, 0x0000000100000000)
  region size 1024K, 44 young (45056K), 2 survivors (2048K)
 Metaspace       used 55347K, committed 56832K, reserved 1114112K
  class space    used 7623K, committed 8320K, reserved 1048576K
}
Event: 16.372 GC heap after
{Heap after GC invocations=19 (full 0):
 garbage-first heap   total 150528K, used 71306K [0x0000000080000000, 0x0000000100000000)
  region size 1024K, 4 young (4096K), 4 survivors (4096K)
 Metaspace       used 55347K, committed 56832K, reserved 1114112K
  class space    used 7623K, committed 8320K, reserved 1048576K
}

