# JRE version: Java(TM) SE Runtime Environment (17.0.13+10) (build 17.0.13+10-LTS-268)
# Java VM: Java HotSpot(TM) 64-Bit Server VM (17.0.13+10-LTS-268, mixed mode, sharing, tiered, compressed oops, compressed class ptrs, g1 gc, windows-amd64)
GC Precious Log:
 CPUs: 4 total, 4 available
 Memory: 8191M
 Large Page Support: Disabled
 NUMA Support: Disabled
 Compressed Oops: Enabled (32-bit)
 Heap Region Size: 1M
 Heap Min Capacity: 8M
 Heap Initial Capacity: 128M
 Heap Max Capacity: 1G
 Pre-touch: Disabled
 Parallel Workers: 4
 Concurrent Workers: 1
 Concurrent Refinement Workers: 4
 Periodic GC: Disabled
Heap:
 garbage-first heap   total 380928K, used 216576K [0x00000000c0000000, 0x0000000100000000)
  region size 1024K, 5 young (5120K), 5 survivors (5120K)
 Metaspace       used 114270K, committed 115392K, reserved 344064K
  class space    used 15495K, committed 16064K, reserved 212992K
GC Heap History (20 events):
Event: 58.648 GC heap after
{Heap after GC invocations=54 (full 0):
 garbage-first heap   total 221184K, used 154389K [0x00000000c0000000, 0x0000000100000000)
  region size 1024K, 1 young (1024K), 1 survivors (1024K)
 Metaspace       used 106750K, committed 107840K, reserved 344064K
  class space    used 14623K, committed 15168K, reserved 212992K
}
Event: 58.697 GC heap before
{Heap before GC invocations=54 (full 0):
 garbage-first heap   total 221184K, used 170773K [0x00000000c0000000, 0x0000000100000000)
  region size 1024K, 2 young (2048K), 1 survivors (1024K)
 Metaspace       used 106753K, committed 107840K, reserved 344064K
  class space    used 14623K, committed 15168K, reserved 212992K
}
Event: 58.701 GC heap after
{Heap after GC invocations=55 (full 0):
 garbage-first heap   total 221184K, used 170322K [0x00000000c0000000, 0x0000000100000000)
  region size 1024K, 1 young (1024K), 1 survivors (1024K)
 Metaspace       used 106753K, committed 107840K, reserved 344064K
  class space    used 14623K, committed 15168K, reserved 212992K
}
Event: 60.549 GC heap before
{Heap before GC invocations=56 (full 0):
 garbage-first heap   total 380928K, used 269650K [0x00000000c0000000, 0x0000000100000000)
  region size 1024K, 18 young (18432K), 1 survivors (1024K)
 Metaspace       used 107499K, committed 108544K, reserved 344064K
  class space    used 14789K, committed 15296K, reserved 212992K
}
Event: 60.556 GC heap after
{Heap after GC invocations=57 (full 0):
 garbage-first heap   total 380928K, used 154112K [0x00000000c0000000, 0x0000000100000000)
  region size 1024K, 1 young (1024K), 1 survivors (1024K)
 Metaspace       used 107499K, committed 108544K, reserved 344064K
  class space    used 14789K, committed 15296K, reserved 212992K
}
Event: 131.585 GC heap before
{Heap before GC invocations=57 (full 0):
 garbage-first heap   total 380928K, used 171520K [0x00000000c0000000, 0x0000000100000000)
  region size 1024K, 18 young (18432K), 1 survivors (1024K)
 Metaspace       used 107747K, committed 108736K, reserved 344064K
  class space    used 14821K, committed 15296K, reserved 212992K
}
Event: 131.607 GC heap after
{Heap after GC invocations=58 (full 0):
 garbage-first heap   total 380928K, used 150806K [0x00000000c0000000, 0x0000000100000000)
  region size 1024K, 2 young (2048K), 2 survivors (2048K)
 Metaspace       used 107747K, committed 108736K, reserved 344064K
  class space    used 14821K, committed 15296K, reserved 212992K
}
Event: 133.678 GC heap before
{Heap before GC invocations=58 (full 0):
 garbage-first heap   total 380928K, used 227606K [0x00000000c0000000, 0x0000000100000000)
  region size 1024K, 78 young (79872K), 2 survivors (2048K)
 Metaspace       used 108312K, committed 109376K, reserved 344064K
  class space    used 14866K, committed 15424K, reserved 212992K
}
Event: 133.709 GC heap after
{Heap after GC invocations=59 (full 0):
 garbage-first heap   total 380928K, used 157392K [0x00000000c0000000, 0x0000000100000000)
  region size 1024K, 8 young (8192K), 8 survivors (8192K)
 Metaspace       used 108312K, committed 109376K, reserved 344064K
  class space    used 14866K, committed 15424K, reserved 212992K
}
Event: 140.555 GC heap before
{Heap before GC invocations=60 (full 0):
 garbage-first heap   total 380928K, used 306896K [0x00000000c0000000, 0x0000000100000000)
  region size 1024K, 154 young (157696K), 8 survivors (8192K)
 Metaspace       used 110744K, committed 111872K, reserved 344064K
  class space    used 15137K, committed 15680K, reserved 212992K
}
Event: 140.664 GC heap after
{Heap after GC invocations=61 (full 0):
 garbage-first heap   total 380928K, used 175510K [0x00000000c0000000, 0x0000000100000000)
  region size 1024K, 20 young (20480K), 20 survivors (20480K)
 Metaspace       used 110744K, committed 111872K, reserved 344064K
  class space    used 15137K, committed 15680K, reserved 212992K
}
Event: 140.698 GC heap before
{Heap before GC invocations=61 (full 0):
 garbage-first heap   total 380928K, used 176534K [0x00000000c0000000, 0x0000000100000000)
  region size 1024K, 21 young (21504K), 20 survivors (20480K)
 Metaspace       used 110807K, committed 111872K, reserved 344064K
  class space    used 15146K, committed 15680K, reserved 212992K
}
Event: 140.745 GC heap after
{Heap after GC invocations=62 (full 0):
 garbage-first heap   total 380928K, used 174254K [0x00000000c0000000, 0x0000000100000000)
  region size 1024K, 2 young (2048K), 2 survivors (2048K)
 Metaspace       used 110807K, committed 111872K, reserved 344064K
  class space    used 15146K, committed 15680K, reserved 212992K
}
Event: 143.917 GC heap before
{Heap before GC invocations=62 (full 0):
 garbage-first heap   total 380928K, used 301230K [0x00000000c0000000, 0x0000000100000000)
  region size 1024K, 127 young (130048K), 2 survivors (2048K)
 Metaspace       used 112456K, committed 113600K, reserved 344064K
  class space    used 15339K, committed 15872K, reserved 212992K
}
Event: 143.951 GC heap after
{Heap after GC invocations=63 (full 0):
 garbage-first heap   total 380928K, used 182657K [0x00000000c0000000, 0x0000000100000000)
  region size 1024K, 11 young (11264K), 11 survivors (11264K)
 Metaspace       used 112456K, committed 113600K, reserved 344064K
  class space    used 15339K, committed 15872K, reserved 212992K
}
Event: 144.871 GC heap before
{Heap before GC invocations=64 (full 0):
 garbage-first heap   total 380928K, used 310657K [0x00000000c0000000, 0x0000000100000000)
  region size 1024K, 131 young (134144K), 11 survivors (11264K)
 Metaspace       used 114001K, committed 115136K, reserved 344064K
  class space    used 15456K, committed 16000K, reserved 212992K
}
Event: 144.928 GC heap after
{Heap after GC invocations=65 (full 0):
 garbage-first heap   total 380928K, used 228197K [0x00000000c0000000, 0x0000000100000000)
  region size 1024K, 17 young (17408K), 17 survivors (17408K)
 Metaspace       used 114001K, committed 115136K, reserved 344064K
  class space    used 15456K, committed 16000K, reserved 212992K
}
Event: 144.935 GC heap before
{Heap before GC invocations=65 (full 0):
 garbage-first heap   total 380928K, used 229221K [0x00000000c0000000, 0x0000000100000000)
  region size 1024K, 18 young (18432K), 17 survivors (17408K)
 Metaspace       used 114013K, committed 115136K, reserved 344064K
  class space    used 15458K, committed 16000K, reserved 212992K
}
Event: 144.966 GC heap after
{Heap after GC invocations=66 (full 0):
 garbage-first heap   total 380928K, used 212992K [0x00000000c0000000, 0x0000000100000000)
  region size 1024K, 2 young (2048K), 2 survivors (2048K)
 Metaspace       used 114013K, committed 115136K, reserved 344064K
  class space    used 15458K, committed 16000K, reserved 212992K
}
Event: 145.019 GC heap before
{Heap before GC invocations=66 (full 0):
 garbage-first heap   total 380928K, used 223232K [0x00000000c0000000, 0x0000000100000000)
  region size 1024K, 14 young (14336K), 2 survivors (2048K)
 Metaspace       used 114270K, committed 115392K, reserved 344064K
  class space    used 15495K, committed 16064K, reserved 212992K
}

