# JRE version: Java(TM) SE Runtime Environment (17.0.13+10) (build 17.0.13+10-LTS-268)
# Java VM: Java HotSpot(TM) 64-Bit Server VM (17.0.13+10-LTS-268, mixed mode, sharing, tiered, compressed oops, compressed class ptrs, g1 gc, windows-amd64)
GC Precious Log:
 CPUs: 4 total, 4 available
 Memory: 8191M
 Large Page Support: Disabled
 NUMA Support: Disabled
 Compressed Oops: Enabled (32-bit)
 Heap Region Size: 1M
 Heap Min Capacity: 8M
 Heap Initial Capacity: 128M
 Heap Max Capacity: 2G
 Pre-touch: Disabled
 Parallel Workers: 4
 Concurrent Workers: 1
 Concurrent Refinement Workers: 4
 Periodic GC: Disabled
Heap:
 garbage-first heap   total 208896K, used 127875K [0x0000000080000000, 0x0000000100000000)
  region size 1024K, 6 young (6144K), 6 survivors (6144K)
 Metaspace       used 60835K, committed 61184K, reserved 1114112K
  class space    used 6502K, committed 6656K, reserved 1048576K
GC Heap History (20 events):
Event: 21.548 GC heap after
{Heap after GC invocations=19 (full 0):
 garbage-first heap   total 151552K, used 82820K [0x0000000080000000, 0x0000000100000000)
  region size 1024K, 6 young (6144K), 6 survivors (6144K)
 Metaspace       used 48120K, committed 48448K, reserved 1114112K
  class space    used 5503K, committed 5632K, reserved 1048576K
}
Event: 21.742 GC heap before
{Heap before GC invocations=19 (full 0):
 garbage-first heap   total 151552K, used 116612K [0x0000000080000000, 0x0000000100000000)
  region size 1024K, 39 young (39936K), 6 survivors (6144K)
 Metaspace       used 48121K, committed 48448K, reserved 1114112K
  class space    used 5503K, committed 5632K, reserved 1048576K
}
Event: 21.762 GC heap after
{Heap after GC invocations=20 (full 0):
 garbage-first heap   total 182272K, used 91012K [0x0000000080000000, 0x0000000100000000)
  region size 1024K, 5 young (5120K), 5 survivors (5120K)
 Metaspace       used 48121K, committed 48448K, reserved 1114112K
  class space    used 5503K, committed 5632K, reserved 1048576K
}
Event: 24.766 GC heap before
{Heap before GC invocations=21 (full 0):
 garbage-first heap   total 182272K, used 137092K [0x0000000080000000, 0x0000000100000000)
  region size 1024K, 51 young (52224K), 5 survivors (5120K)
 Metaspace       used 48546K, committed 48896K, reserved 1114112K
  class space    used 5534K, committed 5696K, reserved 1048576K
}
Event: 24.785 GC heap after
{Heap after GC invocations=22 (full 0):
 garbage-first heap   total 182272K, used 97996K [0x0000000080000000, 0x0000000100000000)
  region size 1024K, 7 young (7168K), 7 survivors (7168K)
 Metaspace       used 48546K, committed 48896K, reserved 1114112K
  class space    used 5534K, committed 5696K, reserved 1048576K
}
Event: 24.791 GC heap before
{Heap before GC invocations=22 (full 0):
 garbage-first heap   total 182272K, used 97996K [0x0000000080000000, 0x0000000100000000)
  region size 1024K, 8 young (8192K), 7 survivors (7168K)
 Metaspace       used 48546K, committed 48896K, reserved 1114112K
  class space    used 5534K, committed 5696K, reserved 1048576K
}
Event: 24.802 GC heap after
{Heap after GC invocations=23 (full 0):
 garbage-first heap   total 182272K, used 98784K [0x0000000080000000, 0x0000000100000000)
  region size 1024K, 1 young (1024K), 1 survivors (1024K)
 Metaspace       used 48546K, committed 48896K, reserved 1114112K
  class space    used 5534K, committed 5696K, reserved 1048576K
}
Event: 27.186 GC heap before
{Heap before GC invocations=23 (full 0):
 garbage-first heap   total 182272K, used 140768K [0x0000000080000000, 0x0000000100000000)
  region size 1024K, 42 young (43008K), 1 survivors (1024K)
 Metaspace       used 49018K, committed 49344K, reserved 1114112K
  class space    used 5554K, committed 5696K, reserved 1048576K
}
Event: 27.198 GC heap after
{Heap after GC invocations=24 (full 0):
 garbage-first heap   total 182272K, used 103914K [0x0000000080000000, 0x0000000100000000)
  region size 1024K, 6 young (6144K), 6 survivors (6144K)
 Metaspace       used 49018K, committed 49344K, reserved 1114112K
  class space    used 5554K, committed 5696K, reserved 1048576K
}
Event: 30.077 GC heap before
{Heap before GC invocations=25 (full 0):
 garbage-first heap   total 182272K, used 143850K [0x0000000080000000, 0x0000000100000000)
  region size 1024K, 45 young (46080K), 6 survivors (6144K)
 Metaspace       used 52729K, committed 52992K, reserved 1114112K
  class space    used 5842K, committed 5952K, reserved 1048576K
}
Event: 30.095 GC heap after
{Heap after GC invocations=26 (full 0):
 garbage-first heap   total 182272K, used 108865K [0x0000000080000000, 0x0000000100000000)
  region size 1024K, 5 young (5120K), 5 survivors (5120K)
 Metaspace       used 52729K, committed 52992K, reserved 1114112K
  class space    used 5842K, committed 5952K, reserved 1048576K
}
Event: 30.151 GC heap before
{Heap before GC invocations=26 (full 0):
 garbage-first heap   total 182272K, used 111937K [0x0000000080000000, 0x0000000100000000)
  region size 1024K, 8 young (8192K), 5 survivors (5120K)
 Metaspace       used 52735K, committed 52992K, reserved 1114112K
  class space    used 5842K, committed 5952K, reserved 1048576K
}
Event: 30.163 GC heap after
{Heap after GC invocations=27 (full 0):
 garbage-first heap   total 182272K, used 108270K [0x0000000080000000, 0x0000000100000000)
  region size 1024K, 1 young (1024K), 1 survivors (1024K)
 Metaspace       used 52735K, committed 52992K, reserved 1114112K
  class space    used 5842K, committed 5952K, reserved 1048576K
}
Event: 32.406 GC heap before
{Heap before GC invocations=27 (full 0):
 garbage-first heap   total 182272K, used 146158K [0x0000000080000000, 0x0000000100000000)
  region size 1024K, 38 young (38912K), 1 survivors (1024K)
 Metaspace       used 53654K, committed 53888K, reserved 1114112K
  class space    used 5882K, committed 6016K, reserved 1048576K
}
Event: 32.426 GC heap after
{Heap after GC invocations=28 (full 0):
 garbage-first heap   total 182272K, used 115345K [0x0000000080000000, 0x0000000100000000)
  region size 1024K, 5 young (5120K), 5 survivors (5120K)
 Metaspace       used 53654K, committed 53888K, reserved 1114112K
  class space    used 5882K, committed 6016K, reserved 1048576K
}
Event: 34.174 GC heap before
{Heap before GC invocations=29 (full 0):
 garbage-first heap   total 208896K, used 146065K [0x0000000080000000, 0x0000000100000000)
  region size 1024K, 35 young (35840K), 5 survivors (5120K)
 Metaspace       used 56667K, committed 56960K, reserved 1114112K
  class space    used 6145K, committed 6272K, reserved 1048576K
}
Event: 34.195 GC heap after
{Heap after GC invocations=30 (full 0):
 garbage-first heap   total 208896K, used 120708K [0x0000000080000000, 0x0000000100000000)
  region size 1024K, 5 young (5120K), 5 survivors (5120K)
 Metaspace       used 56667K, committed 56960K, reserved 1114112K
  class space    used 6145K, committed 6272K, reserved 1048576K
}
Event: 34.471 GC heap before
{Heap before GC invocations=30 (full 0):
 garbage-first heap   total 208896K, used 125828K [0x0000000080000000, 0x0000000100000000)
  region size 1024K, 10 young (10240K), 5 survivors (5120K)
 Metaspace       used 57853K, committed 58176K, reserved 1114112K
  class space    used 6257K, committed 6400K, reserved 1048576K
}
Event: 34.483 GC heap after
{Heap after GC invocations=31 (full 0):
 garbage-first heap   total 208896K, used 120370K [0x0000000080000000, 0x0000000100000000)
  region size 1024K, 1 young (1024K), 1 survivors (1024K)
 Metaspace       used 57853K, committed 58176K, reserved 1114112K
  class space    used 6257K, committed 6400K, reserved 1048576K
}
Event: 37.247 GC heap before
{Heap before GC invocations=31 (full 0):
 garbage-first heap   total 208896K, used 165426K [0x0000000080000000, 0x0000000100000000)
  region size 1024K, 45 young (46080K), 1 survivors (1024K)
 Metaspace       used 60835K, committed 61184K, reserved 1114112K
  class space    used 6502K, committed 6656K, reserved 1048576K
}

