# JRE version: Java(TM) SE Runtime Environment (17.0.13+10) (build 17.0.13+10-LTS-268)
# Java VM: Java HotSpot(TM) 64-Bit Server VM (17.0.13+10-LTS-268, mixed mode, sharing, tiered, compressed oops, compressed class ptrs, g1 gc, windows-amd64)
GC Precious Log:
 CPUs: 4 total, 4 available
 Memory: 8191M
 Large Page Support: Disabled
 NUMA Support: Disabled
 Compressed Oops: Enabled (32-bit)
 Heap Region Size: 1M
 Heap Min Capacity: 8M
 Heap Initial Capacity: 128M
 Heap Max Capacity: 1G
 Pre-touch: Disabled
 Parallel Workers: 4
 Concurrent Workers: 1
 Concurrent Refinement Workers: 4
 Periodic GC: Disabled
Heap:
 garbage-first heap   total 401408K, used 282532K [0x00000000c0000000, 0x0000000100000000)
  region size 1024K, 97 young (99328K), 6 survivors (6144K)
 Metaspace       used 125213K, committed 126336K, reserved 344064K
  class space    used 16522K, committed 17088K, reserved 212992K
GC Heap History (20 events):
Event: 56.679 GC heap before
{Heap before GC invocations=58 (full 0):
 garbage-first heap   total 293888K, used 202385K [0x00000000c0000000, 0x0000000100000000)
  region size 1024K, 34 young (34816K), 2 survivors (2048K)
 Metaspace       used 103159K, committed 104128K, reserved 344064K
  class space    used 14217K, committed 14656K, reserved 212992K
}
Event: 56.686 GC heap after
{Heap after GC invocations=59 (full 0):
 garbage-first heap   total 293888K, used 171451K [0x00000000c0000000, 0x0000000100000000)
  region size 1024K, 2 young (2048K), 2 survivors (2048K)
 Metaspace       used 103159K, committed 104128K, reserved 344064K
  class space    used 14217K, committed 14656K, reserved 212992K
}
Event: 56.750 GC heap before
{Heap before GC invocations=59 (full 0):
 garbage-first heap   total 293888K, used 182715K [0x00000000c0000000, 0x0000000100000000)
  region size 1024K, 14 young (14336K), 2 survivors (2048K)
 Metaspace       used 103176K, committed 104128K, reserved 344064K
  class space    used 14220K, committed 14656K, reserved 212992K
}
Event: 56.768 GC heap after
{Heap after GC invocations=60 (full 0):
 garbage-first heap   total 293888K, used 165345K [0x00000000c0000000, 0x0000000100000000)
  region size 1024K, 2 young (2048K), 2 survivors (2048K)
 Metaspace       used 103176K, committed 104128K, reserved 344064K
  class space    used 14220K, committed 14656K, reserved 212992K
}
Event: 57.123 GC heap before
{Heap before GC invocations=60 (full 0):
 garbage-first heap   total 293888K, used 226785K [0x00000000c0000000, 0x0000000100000000)
  region size 1024K, 62 young (63488K), 2 survivors (2048K)
 Metaspace       used 103610K, committed 104576K, reserved 344064K
  class space    used 14281K, committed 14720K, reserved 212992K
}
Event: 57.130 GC heap after
{Heap after GC invocations=61 (full 0):
 garbage-first heap   total 293888K, used 166746K [0x00000000c0000000, 0x0000000100000000)
  region size 1024K, 3 young (3072K), 3 survivors (3072K)
 Metaspace       used 103610K, committed 104576K, reserved 344064K
  class space    used 14281K, committed 14720K, reserved 212992K
}
Event: 57.534 GC heap before
{Heap before GC invocations=61 (full 0):
 garbage-first heap   total 293888K, used 237402K [0x00000000c0000000, 0x0000000100000000)
  region size 1024K, 66 young (67584K), 3 survivors (3072K)
 Metaspace       used 104516K, committed 105600K, reserved 344064K
  class space    used 14348K, committed 14912K, reserved 212992K
}
Event: 57.552 GC heap after
{Heap after GC invocations=62 (full 0):
 garbage-first heap   total 293888K, used 176991K [0x00000000c0000000, 0x0000000100000000)
  region size 1024K, 7 young (7168K), 7 survivors (7168K)
 Metaspace       used 104516K, committed 105600K, reserved 344064K
  class space    used 14348K, committed 14912K, reserved 212992K
}
Event: 57.992 GC heap before
{Heap before GC invocations=62 (full 0):
 garbage-first heap   total 293888K, used 238431K [0x00000000c0000000, 0x0000000100000000)
  region size 1024K, 66 young (67584K), 7 survivors (7168K)
 Metaspace       used 106434K, committed 107520K, reserved 344064K
  class space    used 14456K, committed 14976K, reserved 212992K
}
Event: 58.012 GC heap after
{Heap after GC invocations=63 (full 0):
 garbage-first heap   total 293888K, used 180639K [0x00000000c0000000, 0x0000000100000000)
  region size 1024K, 8 young (8192K), 8 survivors (8192K)
 Metaspace       used 106434K, committed 107520K, reserved 344064K
  class space    used 14456K, committed 14976K, reserved 212992K
}
Event: 58.364 GC heap before
{Heap before GC invocations=63 (full 0):
 garbage-first heap   total 293888K, used 242079K [0x00000000c0000000, 0x0000000100000000)
  region size 1024K, 68 young (69632K), 8 survivors (8192K)
 Metaspace       used 107876K, committed 108992K, reserved 344064K
  class space    used 14601K, committed 15168K, reserved 212992K
}
Event: 58.378 GC heap after
{Heap after GC invocations=64 (full 0):
 garbage-first heap   total 293888K, used 184235K [0x00000000c0000000, 0x0000000100000000)
  region size 1024K, 8 young (8192K), 8 survivors (8192K)
 Metaspace       used 107876K, committed 108992K, reserved 344064K
  class space    used 14601K, committed 15168K, reserved 212992K
}
Event: 58.757 GC heap before
{Heap before GC invocations=64 (full 0):
 garbage-first heap   total 293888K, used 243627K [0x00000000c0000000, 0x0000000100000000)
  region size 1024K, 66 young (67584K), 8 survivors (8192K)
 Metaspace       used 109595K, committed 110656K, reserved 344064K
  class space    used 14774K, committed 15296K, reserved 212992K
}
Event: 58.772 GC heap after
{Heap after GC invocations=65 (full 0):
 garbage-first heap   total 293888K, used 185876K [0x00000000c0000000, 0x0000000100000000)
  region size 1024K, 6 young (6144K), 6 survivors (6144K)
 Metaspace       used 109595K, committed 110656K, reserved 344064K
  class space    used 14774K, committed 15296K, reserved 212992K
}
Event: 59.003 GC heap before
{Heap before GC invocations=65 (full 0):
 garbage-first heap   total 293888K, used 247316K [0x00000000c0000000, 0x0000000100000000)
  region size 1024K, 66 young (67584K), 6 survivors (6144K)
 Metaspace       used 110919K, committed 112000K, reserved 344064K
  class space    used 14924K, committed 15488K, reserved 212992K
}
Event: 59.017 GC heap after
{Heap after GC invocations=66 (full 0):
 garbage-first heap   total 293888K, used 189245K [0x00000000c0000000, 0x0000000100000000)
  region size 1024K, 6 young (6144K), 6 survivors (6144K)
 Metaspace       used 110919K, committed 112000K, reserved 344064K
  class space    used 14924K, committed 15488K, reserved 212992K
}
Event: 59.236 GC heap before
{Heap before GC invocations=66 (full 0):
 garbage-first heap   total 293888K, used 247613K [0x00000000c0000000, 0x0000000100000000)
  region size 1024K, 64 young (65536K), 6 survivors (6144K)
 Metaspace       used 112271K, committed 113344K, reserved 344064K
  class space    used 15066K, committed 15616K, reserved 212992K
}
Event: 59.250 GC heap after
{Heap after GC invocations=67 (full 0):
 garbage-first heap   total 401408K, used 190170K [0x00000000c0000000, 0x0000000100000000)
  region size 1024K, 4 young (4096K), 4 survivors (4096K)
 Metaspace       used 112271K, committed 113344K, reserved 344064K
  class space    used 15066K, committed 15616K, reserved 212992K
}
Event: 60.807 GC heap before
{Heap before GC invocations=67 (full 0):
 garbage-first heap   total 401408K, used 334554K [0x00000000c0000000, 0x0000000100000000)
  region size 1024K, 143 young (146432K), 4 survivors (4096K)
 Metaspace       used 117757K, committed 118912K, reserved 344064K
  class space    used 15665K, committed 16192K, reserved 212992K
}
Event: 60.822 GC heap after
{Heap after GC invocations=68 (full 0):
 garbage-first heap   total 401408K, used 191396K [0x00000000c0000000, 0x0000000100000000)
  region size 1024K, 6 young (6144K), 6 survivors (6144K)
 Metaspace       used 117757K, committed 118912K, reserved 344064K
  class space    used 15665K, committed 16192K, reserved 212992K
}

