# JRE version: Java(TM) SE Runtime Environment (17.0.13+10) (build 17.0.13+10-LTS-268)
# Java VM: Java HotSpot(TM) 64-Bit Server VM (17.0.13+10-LTS-268, mixed mode, sharing, tiered, compressed oops, compressed class ptrs, g1 gc, windows-amd64)
GC Precious Log:
 CPUs: 4 total, 4 available
 Memory: 8191M
 Large Page Support: Disabled
 NUMA Support: Disabled
 Compressed Oops: Enabled (32-bit)
 Heap Region Size: 1M
 Heap Min Capacity: 8M
 Heap Initial Capacity: 128M
 Heap Max Capacity: 1G
 Pre-touch: Disabled
 Parallel Workers: 4
 Concurrent Workers: 1
 Concurrent Refinement Workers: 4
 Periodic GC: Disabled
Heap:
 garbage-first heap   total 490496K, used 318464K [0x00000000c0000000, 0x0000000100000000)
  region size 1024K, 13 young (13312K), 13 survivors (13312K)
 Metaspace       used 127334K, committed 128512K, reserved 344064K
  class space    used 16888K, committed 17472K, reserved 212992K
GC Heap History (20 events):
Event: 61.744 GC heap after
{Heap after GC invocations=67 (full 0):
 garbage-first heap   total 343040K, used 180098K [0x00000000c0000000, 0x0000000100000000)
  region size 1024K, 2 young (2048K), 2 survivors (2048K)
 Metaspace       used 104829K, committed 105856K, reserved 344064K
  class space    used 14438K, committed 14976K, reserved 212992K
}
Event: 62.687 GC heap before
{Heap before GC invocations=68 (full 0):
 garbage-first heap   total 367616K, used 255874K [0x00000000c0000000, 0x0000000100000000)
  region size 1024K, 77 young (78848K), 2 survivors (2048K)
 Metaspace       used 105514K, committed 106560K, reserved 344064K
  class space    used 14525K, committed 15040K, reserved 212992K
}
Event: 62.711 GC heap after
{Heap after GC invocations=69 (full 0):
 garbage-first heap   total 367616K, used 203239K [0x00000000c0000000, 0x0000000100000000)
  region size 1024K, 10 young (10240K), 10 survivors (10240K)
 Metaspace       used 105514K, committed 106560K, reserved 344064K
  class space    used 14525K, committed 15040K, reserved 212992K
}
Event: 62.805 GC heap before
{Heap before GC invocations=69 (full 0):
 garbage-first heap   total 367616K, used 212455K [0x00000000c0000000, 0x0000000100000000)
  region size 1024K, 17 young (17408K), 10 survivors (10240K)
 Metaspace       used 105740K, committed 106816K, reserved 344064K
  class space    used 14535K, committed 15040K, reserved 212992K
}
Event: 62.821 GC heap after
{Heap after GC invocations=70 (full 0):
 garbage-first heap   total 367616K, used 206023K [0x00000000c0000000, 0x0000000100000000)
  region size 1024K, 3 young (3072K), 3 survivors (3072K)
 Metaspace       used 105740K, committed 106816K, reserved 344064K
  class space    used 14535K, committed 15040K, reserved 212992K
}
Event: 64.297 GC heap before
{Heap before GC invocations=70 (full 0):
 garbage-first heap   total 367616K, used 283847K [0x00000000c0000000, 0x0000000100000000)
  region size 1024K, 75 young (76800K), 3 survivors (3072K)
 Metaspace       used 108463K, committed 109504K, reserved 344064K
  class space    used 14710K, committed 15232K, reserved 212992K
}
Event: 64.310 GC heap after
{Heap after GC invocations=71 (full 0):
 garbage-first heap   total 367616K, used 231936K [0x00000000c0000000, 0x0000000100000000)
  region size 1024K, 10 young (10240K), 10 survivors (10240K)
 Metaspace       used 108463K, committed 109504K, reserved 344064K
  class space    used 14710K, committed 15232K, reserved 212992K
}
Event: 65.117 GC heap before
{Heap before GC invocations=71 (full 0):
 garbage-first heap   total 367616K, used 290304K [0x00000000c0000000, 0x0000000100000000)
  region size 1024K, 67 young (68608K), 10 survivors (10240K)
 Metaspace       used 110173K, committed 111232K, reserved 344064K
  class space    used 14888K, committed 15424K, reserved 212992K
}
Event: 65.138 GC heap after
{Heap after GC invocations=72 (full 0):
 garbage-first heap   total 367616K, used 249856K [0x00000000c0000000, 0x0000000100000000)
  region size 1024K, 9 young (9216K), 9 survivors (9216K)
 Metaspace       used 110173K, committed 111232K, reserved 344064K
  class space    used 14888K, committed 15424K, reserved 212992K
}
Event: 65.293 GC heap before
{Heap before GC invocations=72 (full 0):
 garbage-first heap   total 367616K, used 271360K [0x00000000c0000000, 0x0000000100000000)
  region size 1024K, 31 young (31744K), 9 survivors (9216K)
 Metaspace       used 111096K, committed 112128K, reserved 344064K
  class space    used 14987K, committed 15488K, reserved 212992K
}
Event: 65.304 GC heap after
{Heap after GC invocations=73 (full 0):
 garbage-first heap   total 367616K, used 256832K [0x00000000c0000000, 0x0000000100000000)
  region size 1024K, 6 young (6144K), 6 survivors (6144K)
 Metaspace       used 111096K, committed 112128K, reserved 344064K
  class space    used 14987K, committed 15488K, reserved 212992K
}
Event: 66.160 GC heap before
{Heap before GC invocations=74 (full 0):
 garbage-first heap   total 490496K, used 303936K [0x00000000c0000000, 0x0000000100000000)
  region size 1024K, 49 young (50176K), 6 survivors (6144K)
 Metaspace       used 115567K, committed 116672K, reserved 344064K
  class space    used 15514K, committed 16064K, reserved 212992K
}
Event: 66.175 GC heap after
{Heap after GC invocations=75 (full 0):
 garbage-first heap   total 490496K, used 265216K [0x00000000c0000000, 0x0000000100000000)
  region size 1024K, 6 young (6144K), 6 survivors (6144K)
 Metaspace       used 115567K, committed 116672K, reserved 344064K
  class space    used 15514K, committed 16064K, reserved 212992K
}
Event: 66.583 GC heap before
{Heap before GC invocations=75 (full 0):
 garbage-first heap   total 490496K, used 281600K [0x00000000c0000000, 0x0000000100000000)
  region size 1024K, 23 young (23552K), 6 survivors (6144K)
 Metaspace       used 118513K, committed 119552K, reserved 344064K
  class space    used 15854K, committed 16384K, reserved 212992K
}
Event: 66.597 GC heap after
{Heap after GC invocations=76 (full 0):
 garbage-first heap   total 490496K, used 262105K [0x00000000c0000000, 0x0000000100000000)
  region size 1024K, 1 young (1024K), 1 survivors (1024K)
 Metaspace       used 118513K, committed 119552K, reserved 344064K
  class space    used 15854K, committed 16384K, reserved 212992K
}
Event: 69.551 GC heap before
{Heap before GC invocations=76 (full 0):
 garbage-first heap   total 490496K, used 374745K [0x00000000c0000000, 0x0000000100000000)
  region size 1024K, 111 young (113664K), 1 survivors (1024K)
 Metaspace       used 125379K, committed 126464K, reserved 344064K
  class space    used 16679K, committed 17216K, reserved 212992K
}
Event: 69.623 GC heap after
{Heap after GC invocations=77 (full 0):
 garbage-first heap   total 490496K, used 280951K [0x00000000c0000000, 0x0000000100000000)
  region size 1024K, 14 young (14336K), 14 survivors (14336K)
 Metaspace       used 125379K, committed 126464K, reserved 344064K
  class space    used 16679K, committed 17216K, reserved 212992K
}
Event: 70.723 GC heap before
{Heap before GC invocations=77 (full 0):
 garbage-first heap   total 490496K, used 382327K [0x00000000c0000000, 0x0000000100000000)
  region size 1024K, 114 young (116736K), 14 survivors (14336K)
 Metaspace       used 126625K, committed 127744K, reserved 344064K
  class space    used 16805K, committed 17344K, reserved 212992K
}
Event: 70.854 GC heap after
{Heap after GC invocations=78 (full 0):
 garbage-first heap   total 490496K, used 300320K [0x00000000c0000000, 0x0000000100000000)
  region size 1024K, 15 young (15360K), 15 survivors (15360K)
 Metaspace       used 126625K, committed 127744K, reserved 344064K
  class space    used 16805K, committed 17344K, reserved 212992K
}
Event: 72.129 GC heap before
{Heap before GC invocations=78 (full 0):
 garbage-first heap   total 490496K, used 390432K [0x00000000c0000000, 0x0000000100000000)
  region size 1024K, 103 young (105472K), 15 survivors (15360K)
 Metaspace       used 127334K, committed 128512K, reserved 344064K
  class space    used 16888K, committed 17472K, reserved 212992K
}

