# JRE version: Java(TM) SE Runtime Environment (17.0.13+10) (build 17.0.13+10-LTS-268)
# Java VM: Java HotSpot(TM) 64-Bit Server VM (17.0.13+10-LTS-268, mixed mode, sharing, tiered, compressed oops, compressed class ptrs, g1 gc, windows-amd64)
GC Precious Log:
 CPUs: 4 total, 4 available
 Memory: 8191M
 Large Page Support: Disabled
 NUMA Support: Disabled
 Compressed Oops: Enabled (32-bit)
 Heap Region Size: 1M
 Heap Min Capacity: 8M
 Heap Initial Capacity: 128M
 Heap Max Capacity: 1G
 Pre-touch: Disabled
 Parallel Workers: 4
 Concurrent Workers: 1
 Concurrent Refinement Workers: 4
 Periodic GC: Disabled
Heap:
 garbage-first heap   total 398336K, used 305817K [0x00000000c0000000, 0x0000000100000000)
  region size 1024K, 111 young (113664K), 4 survivors (4096K)
 Metaspace       used 118367K, committed 119616K, reserved 344064K
  class space    used 15859K, committed 16448K, reserved 212992K
GC Heap History (20 events):
Event: 137.013 GC heap before
{Heap before GC invocations=64 (full 0):
 garbage-first heap   total 369664K, used 250188K [0x00000000c0000000, 0x0000000100000000)
  region size 1024K, 74 young (75776K), 1 survivors (1024K)
 Metaspace       used 108909K, committed 109952K, reserved 344064K
  class space    used 14978K, committed 15488K, reserved 212992K
}
Event: 137.038 GC heap after
{Heap after GC invocations=65 (full 0):
 garbage-first heap   total 369664K, used 175240K [0x00000000c0000000, 0x0000000100000000)
  region size 1024K, 1 young (1024K), 1 survivors (1024K)
 Metaspace       used 108909K, committed 109952K, reserved 344064K
  class space    used 14978K, committed 15488K, reserved 212992K
}
Event: 140.947 GC heap before
{Heap before GC invocations=66 (full 0):
 garbage-first heap   total 369664K, used 259208K [0x00000000c0000000, 0x0000000100000000)
  region size 1024K, 93 young (95232K), 1 survivors (1024K)
 Metaspace       used 109734K, committed 110784K, reserved 344064K
  class space    used 15075K, committed 15552K, reserved 212992K
}
Event: 141.012 GC heap after
{Heap after GC invocations=67 (full 0):
 garbage-first heap   total 369664K, used 184495K [0x00000000c0000000, 0x0000000100000000)
  region size 1024K, 12 young (12288K), 12 survivors (12288K)
 Metaspace       used 109734K, committed 110784K, reserved 344064K
  class space    used 15075K, committed 15552K, reserved 212992K
}
Event: 141.182 GC heap before
{Heap before GC invocations=67 (full 0):
 garbage-first heap   total 369664K, used 189615K [0x00000000c0000000, 0x0000000100000000)
  region size 1024K, 18 young (18432K), 12 survivors (12288K)
 Metaspace       used 109759K, committed 110848K, reserved 344064K
  class space    used 15078K, committed 15552K, reserved 212992K
}
Event: 141.218 GC heap after
{Heap after GC invocations=68 (full 0):
 garbage-first heap   total 369664K, used 178509K [0x00000000c0000000, 0x0000000100000000)
  region size 1024K, 2 young (2048K), 2 survivors (2048K)
 Metaspace       used 109759K, committed 110848K, reserved 344064K
  class space    used 15078K, committed 15552K, reserved 212992K
}
Event: 141.918 GC heap before
{Heap before GC invocations=68 (full 0):
 garbage-first heap   total 369664K, used 276813K [0x00000000c0000000, 0x0000000100000000)
  region size 1024K, 99 young (101376K), 2 survivors (2048K)
 Metaspace       used 110216K, committed 111296K, reserved 344064K
  class space    used 15117K, committed 15616K, reserved 212992K
}
Event: 141.925 GC heap after
{Heap after GC invocations=69 (full 0):
 garbage-first heap   total 369664K, used 178962K [0x00000000c0000000, 0x0000000100000000)
  region size 1024K, 2 young (2048K), 2 survivors (2048K)
 Metaspace       used 110216K, committed 111296K, reserved 344064K
  class space    used 15117K, committed 15616K, reserved 212992K
}
Event: 143.574 GC heap before
{Heap before GC invocations=70 (full 0):
 garbage-first heap   total 370688K, used 294674K [0x00000000c0000000, 0x0000000100000000)
  region size 1024K, 109 young (111616K), 2 survivors (2048K)
 Metaspace       used 110936K, committed 112128K, reserved 344064K
  class space    used 15164K, committed 15744K, reserved 212992K
}
Event: 143.595 GC heap after
{Heap after GC invocations=71 (full 0):
 garbage-first heap   total 370688K, used 191942K [0x00000000c0000000, 0x0000000100000000)
  region size 1024K, 9 young (9216K), 9 survivors (9216K)
 Metaspace       used 110936K, committed 112128K, reserved 344064K
  class space    used 15164K, committed 15744K, reserved 212992K
}
Event: 143.654 GC heap before
{Heap before GC invocations=71 (full 0):
 garbage-first heap   total 370688K, used 200134K [0x00000000c0000000, 0x0000000100000000)
  region size 1024K, 18 young (18432K), 9 survivors (9216K)
 Metaspace       used 111138K, committed 112256K, reserved 344064K
  class space    used 15181K, committed 15744K, reserved 212992K
}
Event: 143.704 GC heap after
{Heap after GC invocations=72 (full 0):
 garbage-first heap   total 370688K, used 189453K [0x00000000c0000000, 0x0000000100000000)
  region size 1024K, 2 young (2048K), 2 survivors (2048K)
 Metaspace       used 111138K, committed 112256K, reserved 344064K
  class space    used 15181K, committed 15744K, reserved 212992K
}
Event: 144.081 GC heap before
{Heap before GC invocations=72 (full 0):
 garbage-first heap   total 370688K, used 222221K [0x00000000c0000000, 0x0000000100000000)
  region size 1024K, 35 young (35840K), 2 survivors (2048K)
 Metaspace       used 111906K, committed 113024K, reserved 344064K
  class space    used 15250K, committed 15808K, reserved 212992K
}
Event: 144.088 GC heap after
{Heap after GC invocations=73 (full 0):
 garbage-first heap   total 370688K, used 190310K [0x00000000c0000000, 0x0000000100000000)
  region size 1024K, 3 young (3072K), 3 survivors (3072K)
 Metaspace       used 111906K, committed 113024K, reserved 344064K
  class space    used 15250K, committed 15808K, reserved 212992K
}
Event: 145.604 GC heap before
{Heap before GC invocations=74 (full 0):
 garbage-first heap   total 370688K, used 298854K [0x00000000c0000000, 0x0000000100000000)
  region size 1024K, 108 young (110592K), 3 survivors (3072K)
 Metaspace       used 113695K, committed 114816K, reserved 344064K
  class space    used 15360K, committed 15936K, reserved 212992K
}
Event: 145.618 GC heap after
{Heap after GC invocations=75 (full 0):
 garbage-first heap   total 370688K, used 194630K [0x00000000c0000000, 0x0000000100000000)
  region size 1024K, 7 young (7168K), 7 survivors (7168K)
 Metaspace       used 113695K, committed 114816K, reserved 344064K
  class space    used 15360K, committed 15936K, reserved 212992K
}
Event: 145.651 GC heap before
{Heap before GC invocations=75 (full 0):
 garbage-first heap   total 370688K, used 205894K [0x00000000c0000000, 0x0000000100000000)
  region size 1024K, 18 young (18432K), 7 survivors (7168K)
 Metaspace       used 113890K, committed 115008K, reserved 344064K
  class space    used 15370K, committed 15936K, reserved 212992K
}
Event: 145.681 GC heap after
{Heap after GC invocations=76 (full 0):
 garbage-first heap   total 370688K, used 192349K [0x00000000c0000000, 0x0000000100000000)
  region size 1024K, 1 young (1024K), 1 survivors (1024K)
 Metaspace       used 113890K, committed 115008K, reserved 344064K
  class space    used 15370K, committed 15936K, reserved 212992K
}
Event: 146.011 GC heap before
{Heap before GC invocations=76 (full 0):
 garbage-first heap   total 370688K, used 301917K [0x00000000c0000000, 0x0000000100000000)
  region size 1024K, 109 young (111616K), 1 survivors (1024K)
 Metaspace       used 115803K, committed 116928K, reserved 344064K
  class space    used 15566K, committed 16128K, reserved 212992K
}
Event: 146.023 GC heap after
{Heap after GC invocations=77 (full 0):
 garbage-first heap   total 398336K, used 195225K [0x00000000c0000000, 0x0000000100000000)
  region size 1024K, 4 young (4096K), 4 survivors (4096K)
 Metaspace       used 115803K, committed 116928K, reserved 344064K
  class space    used 15566K, committed 16128K, reserved 212992K
}

