# JRE version: OpenJDK Runtime Environment (21.0.7) (build 21.0.7+-13880790-b1038.58)
# Java VM: OpenJDK 64-Bit Server VM (21.0.7+-13880790-b1038.58, mixed mode, tiered, compressed oops, compressed class ptrs, g1 gc, windows-amd64)
GC Precious Log:
 CardTable entry size: 512
 Card Set container configuration: InlinePtr #cards 5 size 8 Array Of Cards #cards 12 size 40 Howl #buckets 4 coarsen threshold 1843 Howl Bitmap #cards 512 size 80 coarsen threshold 460 Card regions per heap region 1 cards per card region 2048
 CPUs: 4 total, 4 available
 Memory: 8191M
 Large Page Support: Disabled
 NUMA Support: Disabled
 Compressed Oops: Enabled (32-bit)
 Heap Region Size: 1M
 Heap Min Capacity: 8M
 Heap Initial Capacity: 128M
 Heap Max Capacity: 2G
 Pre-touch: Disabled
 Parallel Workers: 4
 Concurrent Workers: 1
 Concurrent Refinement Workers: 4
 Periodic GC: Disabled
Heap:
 garbage-first heap   total 437248K, used 353792K [0x0000000080000000, 0x0000000100000000)
  region size 1024K, 119 young (121856K), 18 survivors (18432K)
 Metaspace       used 206656K, committed 209728K, reserved 1245184K
  class space    used 26341K, committed 27904K, reserved 1048576K
GC Heap History (20 events):
Event: 211.247 GC heap before
{Heap before GC invocations=66 (full 0):
 garbage-first heap   total 421888K, used 394458K [0x0000000080000000, 0x0000000100000000)
  region size 1024K, 146 young (149504K), 5 survivors (5120K)
 Metaspace       used 199108K, committed 202112K, reserved 1245184K
  class space    used 25889K, committed 27392K, reserved 1048576K
}
Event: 211.417 GC heap after
{Heap after GC invocations=67 (full 0):
 garbage-first heap   total 421888K, used 255850K [0x0000000080000000, 0x0000000100000000)
  region size 1024K, 16 young (16384K), 16 survivors (16384K)
 Metaspace       used 199108K, committed 202112K, reserved 1245184K
  class space    used 25889K, committed 27392K, reserved 1048576K
}
Event: 232.535 GC heap before
{Heap before GC invocations=67 (full 0):
 garbage-first heap   total 421888K, used 381802K [0x0000000080000000, 0x0000000100000000)
  region size 1024K, 139 young (142336K), 16 survivors (16384K)
 Metaspace       used 199956K, committed 202944K, reserved 1245184K
  class space    used 25897K, committed 27392K, reserved 1048576K
}
Event: 232.583 GC heap after
{Heap after GC invocations=68 (full 0):
 garbage-first heap   total 421888K, used 251611K [0x0000000080000000, 0x0000000100000000)
  region size 1024K, 3 young (3072K), 3 survivors (3072K)
 Metaspace       used 199956K, committed 202944K, reserved 1245184K
  class space    used 25897K, committed 27392K, reserved 1048576K
}
Event: 238.646 GC heap before
{Heap before GC invocations=69 (full 0):
 garbage-first heap   total 421888K, used 395995K [0x0000000080000000, 0x0000000100000000)
  region size 1024K, 143 young (146432K), 3 survivors (3072K)
 Metaspace       used 200452K, committed 203392K, reserved 1245184K
  class space    used 25901K, committed 27392K, reserved 1048576K
}
Event: 238.675 GC heap after
{Heap after GC invocations=70 (full 0):
 garbage-first heap   total 421888K, used 257659K [0x0000000080000000, 0x0000000100000000)
  region size 1024K, 9 young (9216K), 9 survivors (9216K)
 Metaspace       used 200452K, committed 203392K, reserved 1245184K
  class space    used 25901K, committed 27392K, reserved 1048576K
}
Event: 242.543 GC heap before
{Heap before GC invocations=70 (full 0):
 garbage-first heap   total 421888K, used 389755K [0x0000000080000000, 0x0000000100000000)
  region size 1024K, 137 young (140288K), 9 survivors (9216K)
 Metaspace       used 201054K, committed 204032K, reserved 1245184K
  class space    used 25903K, committed 27392K, reserved 1048576K
}
Event: 242.588 GC heap after
{Heap after GC invocations=71 (full 0):
 garbage-first heap   total 421888K, used 251220K [0x0000000080000000, 0x0000000100000000)
  region size 1024K, 7 young (7168K), 7 survivors (7168K)
 Metaspace       used 201054K, committed 204032K, reserved 1245184K
  class space    used 25903K, committed 27392K, reserved 1048576K
}
Event: 279.224 GC heap before
{Heap before GC invocations=71 (full 0):
 garbage-first heap   total 421888K, used 359764K [0x0000000080000000, 0x0000000100000000)
  region size 1024K, 115 young (117760K), 7 survivors (7168K)
 Metaspace       used 201309K, committed 204288K, reserved 1245184K
  class space    used 25915K, committed 27392K, reserved 1048576K
}
Event: 279.299 GC heap after
{Heap after GC invocations=72 (full 0):
 garbage-first heap   total 421888K, used 261632K [0x0000000080000000, 0x0000000100000000)
  region size 1024K, 17 young (17408K), 17 survivors (17408K)
 Metaspace       used 201309K, committed 204288K, reserved 1245184K
  class space    used 25915K, committed 27392K, reserved 1048576K
}
Event: 291.095 GC heap before
{Heap before GC invocations=73 (full 0):
 garbage-first heap   total 437248K, used 381440K [0x0000000080000000, 0x0000000100000000)
  region size 1024K, 134 young (137216K), 17 survivors (17408K)
 Metaspace       used 201875K, committed 204864K, reserved 1245184K
  class space    used 25918K, committed 27392K, reserved 1048576K
}
Event: 291.148 GC heap after
{Heap after GC invocations=74 (full 0):
 garbage-first heap   total 437248K, used 252881K [0x0000000080000000, 0x0000000100000000)
  region size 1024K, 2 young (2048K), 2 survivors (2048K)
 Metaspace       used 201875K, committed 204864K, reserved 1245184K
  class space    used 25918K, committed 27392K, reserved 1048576K
}
Event: 369.416 GC heap before
{Heap before GC invocations=74 (full 0):
 garbage-first heap   total 437248K, used 412625K [0x0000000080000000, 0x0000000100000000)
  region size 1024K, 158 young (161792K), 2 survivors (2048K)
 Metaspace       used 202379K, committed 205376K, reserved 1245184K
  class space    used 25931K, committed 27456K, reserved 1048576K
}
Event: 369.484 GC heap after
{Heap after GC invocations=75 (full 0):
 garbage-first heap   total 437248K, used 249351K [0x0000000080000000, 0x0000000100000000)
  region size 1024K, 7 young (7168K), 7 survivors (7168K)
 Metaspace       used 202379K, committed 205376K, reserved 1245184K
  class space    used 25931K, committed 27456K, reserved 1048576K
}
Event: 369.909 GC heap before
{Heap before GC invocations=75 (full 0):
 garbage-first heap   total 437248K, used 278023K [0x0000000080000000, 0x0000000100000000)
  region size 1024K, 36 young (36864K), 7 survivors (7168K)
 Metaspace       used 202425K, committed 205440K, reserved 1245184K
  class space    used 25931K, committed 27456K, reserved 1048576K
}
Event: 369.938 GC heap after
{Heap after GC invocations=76 (full 0):
 garbage-first heap   total 437248K, used 253952K [0x0000000080000000, 0x0000000100000000)
  region size 1024K, 11 young (11264K), 11 survivors (11264K)
 Metaspace       used 202425K, committed 205440K, reserved 1245184K
  class space    used 25931K, committed 27456K, reserved 1048576K
}
Event: 374.844 GC heap before
{Heap before GC invocations=77 (full 0):
 garbage-first heap   total 437248K, used 402432K [0x0000000080000000, 0x0000000100000000)
  region size 1024K, 157 young (160768K), 11 survivors (11264K)
 Metaspace       used 204496K, committed 207488K, reserved 1245184K
  class space    used 26071K, committed 27584K, reserved 1048576K
}
Event: 374.881 GC heap after
{Heap after GC invocations=78 (full 0):
 garbage-first heap   total 437248K, used 243603K [0x0000000080000000, 0x0000000100000000)
  region size 1024K, 4 young (4096K), 4 survivors (4096K)
 Metaspace       used 204496K, committed 207488K, reserved 1245184K
  class space    used 26071K, committed 27584K, reserved 1048576K
}
Event: 423.150 GC heap before
{Heap before GC invocations=78 (full 0):
 garbage-first heap   total 437248K, used 407443K [0x0000000080000000, 0x0000000100000000)
  region size 1024K, 165 young (168960K), 4 survivors (4096K)
 Metaspace       used 205085K, committed 208128K, reserved 1245184K
  class space    used 26122K, committed 27648K, reserved 1048576K
}
Event: 423.571 GC heap after
{Heap after GC invocations=79 (full 0):
 garbage-first heap   total 437248K, used 251392K [0x0000000080000000, 0x0000000100000000)
  region size 1024K, 18 young (18432K), 18 survivors (18432K)
 Metaspace       used 205085K, committed 208128K, reserved 1245184K
  class space    used 26122K, committed 27648K, reserved 1048576K
}

